TN:
SF:script/DeployswapV2ERC20.s.sol
DA:14,11
FN:14,DeployswapV2ERC20.run
FNDA:11,DeployswapV2ERC20.run
DA:15,11
DA:18,3
FN:18,DeployswapV2ERC20.deploy
FNDA:3,DeployswapV2ERC20.deploy
DA:19,14
DA:20,14
DA:21,14
DA:23,14
FNF:2
FNH:2
LF:7
LH:7
BRF:0
BRH:0
end_of_record
TN:
SF:script/DeployswapV2Factory.s.sol
DA:16,30
FN:16,DeployswapV2Factory.run
FNDA:30,DeployswapV2Factory.run
DA:17,30
DA:20,64
FN:20,DeployswapV2Factory.deploy
FNDA:64,DeployswapV2Factory.deploy
DA:21,94
DA:22,94
DA:23,94
DA:24,94
FNF:2
FNH:2
LF:7
LH:7
BRF:0
BRH:0
end_of_record
TN:
SF:script/DeployswapV2Router.s.sol
DA:15,62
FN:15,DeployswapV2Router.run
FNDA:62,DeployswapV2Router.run
DA:16,62
DA:19,1
FN:19,DeployswapV2Router.deploy
FNDA:1,DeployswapV2Router.deploy
DA:20,63
DA:21,63
DA:23,63
DA:24,63
DA:25,63
FNF:2
FNH:2
LF:8
LH:8
BRF:0
BRH:0
end_of_record
TN:
SF:src/MyswapV2Callee.sol
DA:18,2
FN:18,MyswapV2Callee.lock
FNDA:2,MyswapV2Callee.lock
DA:19,2
BRDA:19,0,0,-
BRDA:19,0,1,2
DA:20,2
DA:22,1
DA:26,2
FN:26,MyswapV2Callee.flashLoan
FNDA:2,MyswapV2Callee.flashLoan
DA:30,2
DA:31,2
BRDA:31,1,0,1
BRDA:31,1,1,1
DA:32,1
DA:33,1
DA:37,4
FN:37,MyswapV2Callee.myswapV2Call
FNDA:4,MyswapV2Callee.myswapV2Call
DA:38,4
DA:39,4
BRDA:39,2,0,1
BRDA:39,2,1,3
DA:40,3
BRDA:40,3,0,1
BRDA:40,3,1,2
DA:41,2
BRDA:41,4,0,1
BRDA:41,4,1,1
DA:42,1
DA:43,1
DA:49,1
BRDA:49,5,0,1
DA:50,1
DA:51,1
DA:52,1
DA:55,1
BRDA:55,6,0,1
DA:56,1
DA:57,1
DA:58,1
FNF:3
FNH:3
LF:24
LH:24
BRF:12
BRH:11
end_of_record
TN:
SF:src/MyswapV2ERC20.sol
DA:34,85
FN:34,MyswapV2ERC20.constructor
FNDA:85,MyswapV2ERC20.constructor
DA:35,85
DA:36,85
DA:42,85
FN:42,MyswapV2ERC20.computeDomainSeparator
FNDA:85,MyswapV2ERC20.computeDomainSeparator
DA:43,85
DA:54,1
FN:54,MyswapV2ERC20.DOMAIN_SEPARATOR
FNDA:1,MyswapV2ERC20.DOMAIN_SEPARATOR
DA:55,6
DA:58,6
FN:58,MyswapV2ERC20.permit
FNDA:6,MyswapV2ERC20.permit
DA:61,6
BRDA:61,0,0,1
BRDA:61,0,1,5
DA:64,5
DA:77,5
BRDA:77,1,0,1
BRDA:77,1,1,4
DA:78,4
DA:81,4
DA:87,10
FN:87,MyswapV2ERC20._approve
FNDA:10,MyswapV2ERC20._approve
DA:88,10
DA:89,10
DA:92,14
FN:92,MyswapV2ERC20._transfer
FNDA:14,MyswapV2ERC20._transfer
DA:93,14
DA:94,14
DA:95,14
DA:102,116
FN:102,MyswapV2ERC20._mint
FNDA:116,MyswapV2ERC20._mint
DA:103,116
DA:104,116
DA:105,116
DA:108,13
FN:108,MyswapV2ERC20._burn
FNDA:13,MyswapV2ERC20._burn
DA:109,13
DA:110,13
DA:111,13
DA:117,6
FN:117,MyswapV2ERC20.approve
FNDA:6,MyswapV2ERC20.approve
DA:118,6
DA:119,6
DA:122,5
FN:122,MyswapV2ERC20.transfer
FNDA:5,MyswapV2ERC20.transfer
DA:123,5
DA:124,5
DA:127,9
FN:127,MyswapV2ERC20.transferFrom
FNDA:9,MyswapV2ERC20.transferFrom
DA:128,9
DA:129,9
DA:130,9
DA:133,1
FN:133,MyswapV2ERC20.GET_INITIAL_CHAIN_ID
FNDA:1,MyswapV2ERC20.GET_INITIAL_CHAIN_ID
DA:134,1
DA:137,1
FN:137,MyswapV2ERC20.GET_INITIAL_DOMAIN_SEPARATOR
FNDA:1,MyswapV2ERC20.GET_INITIAL_DOMAIN_SEPARATOR
DA:138,1
FNF:13
FNH:13
LF:42
LH:42
BRF:4
BRH:4
end_of_record
TN:
SF:src/MyswapV2Factory.sol
DA:21,94
FN:21,MyswapV2Factory.constructor
FNDA:94,MyswapV2Factory.constructor
DA:22,94
DA:25,1
FN:25,MyswapV2Factory.allPairsLength
FNDA:1,MyswapV2Factory.allPairsLength
DA:26,1
DA:29,6
FN:29,MyswapV2Factory.setFeeTo
FNDA:6,MyswapV2Factory.setFeeTo
DA:30,6
BRDA:30,0,0,1
BRDA:30,0,1,5
DA:31,5
DA:34,2
FN:34,MyswapV2Factory.setFeeToSetter
FNDA:2,MyswapV2Factory.setFeeToSetter
DA:35,2
BRDA:35,1,0,1
BRDA:35,1,1,1
DA:36,1
DA:39,63
FN:39,MyswapV2Factory.createPair
FNDA:63,MyswapV2Factory.createPair
DA:40,63
BRDA:40,2,0,1
BRDA:40,2,1,62
DA:41,62
DA:42,62
BRDA:42,3,0,1
BRDA:42,3,1,61
DA:43,61
BRDA:43,4,0,1
BRDA:43,4,1,60
DA:44,60
DA:45,60
DA:47,60
DA:49,60
DA:50,60
DA:51,60
DA:52,60
DA:53,60
FNF:5
FNH:5
LF:23
LH:23
BRF:10
BRH:10
end_of_record
TN:
SF:src/MyswapV2Pair.sol
DA:38,60
FN:38,MyswapV2Pair.constructor
FNDA:60,MyswapV2Pair.constructor
DA:39,60
DA:42,27
FN:42,MyswapV2Pair.lock
FNDA:27,MyswapV2Pair.lock
DA:43,27
BRDA:43,0,0,-
BRDA:43,0,1,4
DA:44,27
DA:46,22
DA:49,61
FN:49,MyswapV2Pair.initialize
FNDA:61,MyswapV2Pair.initialize
DA:50,61
BRDA:50,1,0,1
BRDA:50,1,1,60
DA:51,60
DA:52,60
DA:55,94
FN:55,MyswapV2Pair.getReserves
FNDA:94,MyswapV2Pair.getReserves
DA:56,201
DA:57,201
DA:58,201
DA:65,69
FN:65,MyswapV2Pair.mint
FNDA:69,MyswapV2Pair.mint
DA:66,68
DA:67,68
DA:68,68
DA:69,68
DA:70,68
DA:72,68
DA:73,68
DA:74,68
BRDA:74,2,0,47
BRDA:74,2,1,21
DA:75,47
DA:76,46
DA:78,21
DA:83,67
BRDA:83,3,0,2
BRDA:83,3,1,65
DA:84,65
DA:86,65
DA:90,4
BRDA:90,4,0,4
DA:91,64
DA:94,13
FN:94,MyswapV2Pair.burn
FNDA:13,MyswapV2Pair.burn
DA:95,13
DA:96,13
DA:97,13
DA:98,13
DA:99,13
DA:100,13
DA:102,13
DA:103,13
DA:106,13
DA:107,13
DA:109,13
BRDA:109,5,0,1
BRDA:109,5,1,12
DA:110,12
DA:111,12
DA:112,12
DA:113,11
DA:114,11
DA:116,11
DA:117,2
BRDA:117,6,0,2
DA:118,11
DA:121,27
FN:121,MyswapV2Pair.swap
FNDA:27,MyswapV2Pair.swap
DA:122,27
BRDA:122,7,0,1
BRDA:122,7,1,26
DA:123,26
DA:124,26
BRDA:124,8,0,1
BRDA:124,8,1,25
DA:126,25
DA:127,25
DA:129,25
DA:130,25
DA:131,25
BRDA:131,9,0,1
BRDA:131,9,1,24
DA:132,24
BRDA:132,10,0,13
DA:133,24
BRDA:133,11,0,12
DA:134,24
BRDA:134,12,0,1
DA:135,24
DA:136,24
DA:144,24
DA:145,24
DA:146,24
BRDA:146,13,0,1
BRDA:146,13,1,23
DA:148,23
DA:149,23
DA:150,23
BRDA:150,14,0,1
BRDA:150,14,1,22
DA:153,22
DA:154,22
DA:157,1
FN:157,MyswapV2Pair.skim
FNDA:1,MyswapV2Pair.skim
DA:158,1
DA:159,1
DA:160,1
DA:161,1
DA:164,4
FN:164,MyswapV2Pair.sync
FNDA:4,MyswapV2Pair.sync
DA:165,4
DA:168,51
FN:168,MyswapV2Pair._safeTransfer
FNDA:51,MyswapV2Pair._safeTransfer
DA:169,51
DA:170,51
BRDA:170,15,0,1
BRDA:170,15,1,50
DA:173,2
FN:173,MyswapV2Pair.encode
FNDA:2,MyswapV2Pair.encode
DA:174,2
DA:177,2
FN:177,MyswapV2Pair.updiv
FNDA:2,MyswapV2Pair.updiv
DA:178,2
DA:181,102
FN:181,MyswapV2Pair._update
FNDA:102,MyswapV2Pair._update
DA:182,102
BRDA:182,16,0,1
BRDA:182,16,1,101
DA:184,101
DA:188,101
DA:190,101
BRDA:190,17,0,1
DA:193,1
DA:194,1
DA:198,101
DA:199,101
DA:200,101
DA:201,101
DA:205,81
FN:205,MyswapV2Pair._mintFee
FNDA:81,MyswapV2Pair._mintFee
DA:206,81
DA:207,81
DA:208,81
DA:209,6
BRDA:209,18,0,6
BRDA:209,18,1,75
DA:211,6
BRDA:211,19,0,3
DA:212,3
DA:213,3
DA:214,3
BRDA:214,20,0,1
DA:215,1
DA:216,1
DA:217,1
DA:218,1
BRDA:218,21,0,1
DA:221,75
BRDA:221,22,0,1
DA:222,1
FNF:14
FNH:14
LF:113
LH:113
BRF:36
BRH:35
end_of_record
TN:
SF:src/MyswapV2Router.sol
DA:21,2
FN:21,MyswapV2Router.ensure
FNDA:2,MyswapV2Router.ensure
DA:22,2
BRDA:22,0,0,-
BRDA:22,0,1,3
DA:26,62
FN:26,MyswapV2Router.constructor
FNDA:62,MyswapV2Router.constructor
DA:27,62
DA:28,62
DA:31,7
FN:31,MyswapV2Router.receive
FNDA:7,MyswapV2Router.receive
DA:32,7
DA:40,52
FN:40,MyswapV2Router._addLiquidity
FNDA:52,MyswapV2Router._addLiquidity
DA:48,52
BRDA:48,1,0,19
DA:49,19
DA:52,52
DA:53,52
BRDA:53,2,0,32
BRDA:53,2,1,1
DA:54,32
DA:56,20
DA:57,20
BRDA:57,3,0,18
BRDA:57,3,1,1
DA:58,18
BRDA:58,4,0,1
BRDA:58,4,1,17
DA:59,17
DA:61,2
DA:62,2
DA:63,2
BRDA:63,5,0,1
BRDA:63,5,1,1
DA:64,1
DA:69,31
FN:69,MyswapV2Router.addLiquidity
FNDA:31,MyswapV2Router.addLiquidity
DA:79,18
DA:80,16
DA:81,16
DA:82,16
DA:83,16
DA:86,34
FN:86,MyswapV2Router.addLiquidityETH
FNDA:34,MyswapV2Router.addLiquidityETH
DA:94,34
DA:97,34
DA:98,34
DA:99,34
DA:100,34
DA:101,34
DA:102,34
BRDA:102,6,0,17
DA:108,3
FN:108,MyswapV2Router.removeLiquidity
FNDA:3,MyswapV2Router.removeLiquidity
DA:117,8
DA:118,8
DA:119,8
DA:120,8
DA:121,8
DA:122,8
BRDA:122,7,0,1
BRDA:122,7,1,7
DA:123,7
BRDA:123,8,0,1
BRDA:123,8,1,6
DA:126,1
FN:126,MyswapV2Router.removeLiquidityETH
FNDA:1,MyswapV2Router.removeLiquidityETH
DA:134,2
DA:136,2
DA:137,2
DA:138,2
DA:141,1
FN:141,MyswapV2Router.removeLiquidityWithPermit
FNDA:1,MyswapV2Router.removeLiquidityWithPermit
DA:154,1
DA:155,1
DA:156,1
DA:157,1
DA:160,1
FN:160,MyswapV2Router.removeLiquidityETHWithPermit
FNDA:1,MyswapV2Router.removeLiquidityETHWithPermit
DA:172,1
DA:173,1
DA:174,1
DA:175,1
DA:178,1
FN:178,MyswapV2Router.removeLiquidityETHSupportingFeeOnTransferTokens
FNDA:1,MyswapV2Router.removeLiquidityETHSupportingFeeOnTransferTokens
DA:186,2
DA:187,2
DA:188,2
DA:189,2
DA:192,1
FN:192,MyswapV2Router.removeLiquidityETHWithPermitSupportingFeeOnTransferTokens
FNDA:1,MyswapV2Router.removeLiquidityETHWithPermitSupportingFeeOnTransferTokens
DA:204,1
DA:205,1
DA:206,1
DA:207,1
DA:212,6
FN:212,MyswapV2Router._swap
FNDA:6,MyswapV2Router._swap
DA:213,6
DA:214,6
DA:215,6
DA:216,6
DA:217,6
DA:218,6
DA:219,6
DA:220,6
DA:224,2
FN:224,MyswapV2Router.swapExactTokensForTokens
FNDA:2,MyswapV2Router.swapExactTokensForTokens
DA:231,2
DA:232,2
BRDA:232,9,0,1
BRDA:232,9,1,1
DA:233,1
DA:236,1
DA:239,2
FN:239,MyswapV2Router.swapTokensForExactTokens
FNDA:2,MyswapV2Router.swapTokensForExactTokens
DA:246,2
DA:247,2
BRDA:247,10,0,1
BRDA:247,10,1,1
DA:248,1
DA:251,1
DA:254,3
FN:254,MyswapV2Router.swapExactETHForTokens
FNDA:3,MyswapV2Router.swapExactETHForTokens
DA:261,3
BRDA:261,11,0,1
BRDA:261,11,1,2
DA:262,2
DA:263,2
BRDA:263,12,0,1
BRDA:263,12,1,1
DA:264,1
DA:265,1
DA:266,1
DA:269,3
FN:269,MyswapV2Router.swapTokensForExactETH
FNDA:3,MyswapV2Router.swapTokensForExactETH
DA:276,3
BRDA:276,13,0,1
BRDA:276,13,1,2
DA:277,2
DA:278,2
BRDA:278,14,0,1
BRDA:278,14,1,1
DA:279,1
DA:282,1
DA:283,1
DA:284,1
DA:287,3
FN:287,MyswapV2Router.swapExactTokensForETH
FNDA:3,MyswapV2Router.swapExactTokensForETH
DA:294,3
BRDA:294,15,0,1
BRDA:294,15,1,2
DA:295,2
DA:296,2
BRDA:296,16,0,1
BRDA:296,16,1,1
DA:297,1
DA:300,1
DA:301,1
DA:302,1
DA:305,3
FN:305,MyswapV2Router.swapETHForExactTokens
FNDA:3,MyswapV2Router.swapETHForExactTokens
DA:312,3
BRDA:312,17,0,1
BRDA:312,17,1,2
DA:313,2
DA:314,2
BRDA:314,18,0,1
BRDA:314,18,1,1
DA:315,1
DA:316,1
DA:317,1
DA:319,1
BRDA:319,19,0,1
DA:323,6
FN:323,MyswapV2Router._swapSupportingFeeOnTransferTokens
FNDA:6,MyswapV2Router._swapSupportingFeeOnTransferTokens
DA:324,6
DA:325,6
DA:326,6
DA:327,6
DA:328,6
DA:329,6
DA:331,6
DA:332,6
DA:333,6
DA:334,6
DA:335,6
DA:338,6
DA:339,6
DA:340,6
DA:341,6
DA:345,2
FN:345,MyswapV2Router.swapExactTokensForTokensSupportingFeeOnTransferTokens
FNDA:2,MyswapV2Router.swapExactTokensForTokensSupportingFeeOnTransferTokens
DA:352,2
DA:355,2
DA:356,2
DA:357,2
BRDA:357,20,0,1
BRDA:357,20,1,1
DA:363,3
FN:363,MyswapV2Router.swapExactETHForTokensSupportingFeeOnTransferTokens
FNDA:3,MyswapV2Router.swapExactETHForTokensSupportingFeeOnTransferTokens
DA:369,3
BRDA:369,21,0,1
BRDA:369,21,1,2
DA:370,2
DA:371,2
DA:372,2
DA:373,2
DA:374,2
DA:375,2
BRDA:375,22,0,1
BRDA:375,22,1,1
DA:381,3
FN:381,MyswapV2Router.swapExactTokensForETHSupportingFeeOnTransferTokens
FNDA:3,MyswapV2Router.swapExactTokensForETHSupportingFeeOnTransferTokens
DA:388,3
BRDA:388,23,0,1
BRDA:388,23,1,2
DA:389,2
DA:392,2
DA:393,2
DA:394,2
BRDA:394,24,0,1
BRDA:394,24,1,1
DA:395,1
DA:396,1
DA:403,1
FN:403,MyswapV2Router.quote
FNDA:1,MyswapV2Router.quote
DA:404,1
DA:407,1
FN:407,MyswapV2Router.getAmountOut
FNDA:1,MyswapV2Router.getAmountOut
DA:413,1
DA:416,1
FN:416,MyswapV2Router.getAmountIn
FNDA:1,MyswapV2Router.getAmountIn
DA:422,1
DA:425,1
FN:425,MyswapV2Router.getAmountsOut
FNDA:1,MyswapV2Router.getAmountsOut
DA:431,1
DA:434,1
FN:434,MyswapV2Router.getAmountsIn
FNDA:1,MyswapV2Router.getAmountsIn
DA:440,1
FNF:28
FNH:28
LF:165
LH:165
BRF:47
BRH:46
end_of_record
TN:
SF:src/libraries/MyswapV2Library.sol
DA:15,277
FN:15,MyswapV2Library.sortTokens
FNDA:277,MyswapV2Library.sortTokens
DA:16,277
BRDA:16,0,0,1
BRDA:16,0,1,276
DA:17,276
DA:18,276
BRDA:18,1,0,1
BRDA:18,1,1,275
DA:21,175
FN:21,MyswapV2Library.pairFor
FNDA:175,MyswapV2Library.pairFor
DA:22,175
DA:23,175
DA:41,78
FN:41,MyswapV2Library.getReserves
FNDA:78,MyswapV2Library.getReserves
DA:46,78
DA:47,78
DA:48,78
DA:51,25
FN:51,MyswapV2Library.quote
FNDA:25,MyswapV2Library.quote
DA:52,25
BRDA:52,2,0,1
BRDA:52,2,1,24
DA:53,24
BRDA:53,3,0,1
BRDA:53,3,1,23
DA:54,23
DA:57,16
FN:57,MyswapV2Library.getAmountOut
FNDA:16,MyswapV2Library.getAmountOut
DA:62,16
BRDA:62,4,0,1
BRDA:62,4,1,15
DA:63,15
BRDA:63,5,0,1
BRDA:63,5,1,14
DA:64,14
DA:65,14
DA:66,14
DA:67,14
DA:70,10
FN:70,MyswapV2Library.getAmountIn
FNDA:10,MyswapV2Library.getAmountIn
DA:75,10
BRDA:75,6,0,1
BRDA:75,6,1,9
DA:76,9
BRDA:76,7,0,1
BRDA:76,7,1,8
DA:77,8
DA:78,8
DA:79,8
DA:82,8
FN:82,MyswapV2Library.getAmountsOut
FNDA:8,MyswapV2Library.getAmountsOut
DA:87,8
BRDA:87,8,0,1
BRDA:87,8,1,7
DA:88,7
DA:89,7
DA:90,7
DA:91,7
DA:92,7
DA:96,8
FN:96,MyswapV2Library.getAmountsIn
FNDA:8,MyswapV2Library.getAmountsIn
DA:101,8
BRDA:101,9,0,1
BRDA:101,9,1,7
DA:102,7
DA:103,7
DA:104,7
DA:105,7
DA:106,7
FNF:8
FNH:8
LF:42
LH:42
BRF:20
BRH:20
end_of_record
TN:
SF:test/mocks/ERC20Mock.sol
DA:15,353
FN:15,ERC20Mock.mint
FNDA:353,ERC20Mock.mint
DA:16,353
DA:19,1
FN:19,ERC20Mock.burn
FNDA:1,ERC20Mock.burn
DA:20,1
FNF:2
FNH:2
LF:4
LH:4
BRF:0
BRH:0
end_of_record
TN:
SF:test/mocks/WETH9.sol
DA:17,1
FN:17,WETH9.receive
FNDA:1,WETH9.receive
DA:18,1
DA:21,169
FN:21,WETH9.deposit
FNDA:169,WETH9.deposit
DA:22,170
DA:23,170
DA:26,9
FN:26,WETH9.withdraw
FNDA:9,WETH9.withdraw
DA:27,9
BRDA:27,0,0,1
BRDA:27,0,1,8
DA:28,8
DA:29,8
DA:30,8
DA:33,3
FN:33,WETH9.approve
FNDA:3,WETH9.approve
DA:34,3
DA:35,3
DA:36,3
DA:39,47
FN:39,WETH9.transfer
FNDA:47,WETH9.transfer
DA:40,47
DA:43,4
FN:43,WETH9.transferFrom
FNDA:4,WETH9.transferFrom
DA:44,51
BRDA:44,1,0,1
BRDA:44,1,1,50
DA:46,50
BRDA:46,2,0,2
DA:47,2
BRDA:47,3,0,1
BRDA:47,3,1,1
DA:48,1
DA:51,49
DA:52,49
DA:54,49
DA:56,49
FNF:6
FNH:6
LF:25
LH:25
BRF:7
BRH:7
end_of_record
TN:
SF:test/unit/MyswapV2ERC20Test.t.sol
DA:201,4
FN:201,TestToken.mint
FNDA:4,TestToken.mint
DA:202,4
DA:205,1
FN:205,TestToken.burn
FNDA:1,TestToken.burn
DA:206,1
FNF:2
FNH:2
LF:4
LH:4
BRF:0
BRH:0
end_of_record
TN:
SF:test/unit/MyswapV2PairTest.t.sol
DA:461,1
FN:461,BugToken.auto_transfer
FNDA:1,BugToken.auto_transfer
DA:462,1
DA:463,1
DA:464,1
DA:465,1
DA:468,1
FN:468,BugToken.mint
FNDA:1,BugToken.mint
DA:469,1
DA:470,1
DA:471,1
DA:474,1
FN:474,BugToken.fallbacks
FNDA:1,BugToken.fallbacks
DA:475,1
DA:478,1
FN:478,BugToken.fallback
FNDA:1,BugToken.fallback
DA:479,1
FNF:4
FNH:4
LF:13
LH:13
BRF:0
BRH:0
end_of_record
TN:
SF:test/unit/MyswapV2RouterTest.t.sol
DA:979,1
FN:979,MyswapV2LibraryHelper.callSortTokensIdentical
FNDA:1,MyswapV2LibraryHelper.callSortTokensIdentical
DA:980,1
DA:983,1
FN:983,MyswapV2LibraryHelper.callSortTokensZero
FNDA:1,MyswapV2LibraryHelper.callSortTokensZero
DA:984,1
DA:987,2
FN:987,MyswapV2LibraryHelper.callQuote
FNDA:2,MyswapV2LibraryHelper.callQuote
DA:988,2
DA:991,2
FN:991,MyswapV2LibraryHelper.callGetAmountOut
FNDA:2,MyswapV2LibraryHelper.callGetAmountOut
DA:996,2
DA:999,2
FN:999,MyswapV2LibraryHelper.callGetAmountIn
FNDA:2,MyswapV2LibraryHelper.callGetAmountIn
DA:1004,2
DA:1007,1
FN:1007,MyswapV2LibraryHelper.callGetAmountsOut
FNDA:1,MyswapV2LibraryHelper.callGetAmountsOut
DA:1012,1
DA:1015,1
FN:1015,MyswapV2LibraryHelper.callGetAmountsIn
FNDA:1,MyswapV2LibraryHelper.callGetAmountsIn
DA:1020,1
FNF:7
FNH:7
LF:14
LH:14
BRF:0
BRH:0
end_of_record
