TN:
SF:script/DeployswapV2ERC20.s.sol
DA:14,11
FN:14,DeployswapV2ERC20.run
FNDA:11,DeployswapV2ERC20.run
DA:15,11
DA:18,3
FN:18,DeployswapV2ERC20.deploy
FNDA:3,DeployswapV2ERC20.deploy
DA:19,14
DA:20,14
DA:21,14
DA:23,14
FNF:2
FNH:2
LF:7
LH:7
BRF:0
BRH:0
end_of_record
TN:
SF:script/DeployswapV2Factory.s.sol
DA:16,30
FN:16,DeployswapV2Factory.run
FNDA:30,DeployswapV2Factory.run
DA:17,30
DA:20,41
FN:20,DeployswapV2Factory.deploy
FNDA:41,DeployswapV2Factory.deploy
DA:21,71
DA:22,71
DA:23,71
DA:24,71
FNF:2
FNH:2
LF:7
LH:7
BRF:0
BRH:0
end_of_record
TN:
SF:script/DeployswapV2Router.s.sol
DA:15,39
FN:15,DeployswapV2Router.run
FNDA:39,DeployswapV2Router.run
DA:16,39
DA:19,1
FN:19,DeployswapV2Router.deploy
FNDA:1,DeployswapV2Router.deploy
DA:20,40
DA:21,40
DA:23,40
DA:24,40
DA:25,40
FNF:2
FNH:2
LF:8
LH:8
BRF:0
BRH:0
end_of_record
TN:
SF:src/MyswapV2Callee.sol
DA:18,2
FN:18,MyswapV2Callee.lock
FNDA:2,MyswapV2Callee.lock
DA:19,2
BRDA:19,0,0,-
BRDA:19,0,1,2
DA:20,2
DA:22,1
DA:26,2
FN:26,MyswapV2Callee.flashLoan
FNDA:2,MyswapV2Callee.flashLoan
DA:30,2
DA:31,2
BRDA:31,1,0,1
BRDA:31,1,1,1
DA:32,1
DA:33,1
DA:37,4
FN:37,MyswapV2Callee.myswapV2Call
FNDA:4,MyswapV2Callee.myswapV2Call
DA:38,4
DA:39,4
BRDA:39,2,0,1
BRDA:39,2,1,3
DA:40,3
BRDA:40,3,0,1
BRDA:40,3,1,2
DA:41,2
BRDA:41,4,0,1
BRDA:41,4,1,1
DA:42,1
DA:43,1
DA:49,1
BRDA:49,5,0,1
DA:50,1
DA:51,1
DA:52,1
DA:55,1
BRDA:55,6,0,1
DA:56,1
DA:57,1
DA:58,1
FNF:3
FNH:3
LF:24
LH:24
BRF:12
BRH:11
end_of_record
TN:
SF:src/MyswapV2ERC20.sol
DA:34,72
FN:34,MyswapV2ERC20.constructor
FNDA:72,MyswapV2ERC20.constructor
DA:35,72
DA:36,72
DA:42,72
FN:42,MyswapV2ERC20.computeDomainSeparator
FNDA:72,MyswapV2ERC20.computeDomainSeparator
DA:43,72
DA:54,1
FN:54,MyswapV2ERC20.DOMAIN_SEPARATOR
FNDA:1,MyswapV2ERC20.DOMAIN_SEPARATOR
DA:55,6
DA:58,6
FN:58,MyswapV2ERC20.permit
FNDA:6,MyswapV2ERC20.permit
DA:61,6
BRDA:61,0,0,1
BRDA:61,0,1,5
DA:64,5
DA:77,5
BRDA:77,1,0,1
BRDA:77,1,1,4
DA:78,4
DA:81,4
DA:87,9
FN:87,MyswapV2ERC20._approve
FNDA:9,MyswapV2ERC20._approve
DA:88,9
DA:89,9
DA:92,12
FN:92,MyswapV2ERC20._transfer
FNDA:12,MyswapV2ERC20._transfer
DA:93,12
DA:94,12
DA:95,12
DA:102,85
FN:102,MyswapV2ERC20._mint
FNDA:85,MyswapV2ERC20._mint
DA:103,85
DA:104,85
DA:105,85
DA:108,11
FN:108,MyswapV2ERC20._burn
FNDA:11,MyswapV2ERC20._burn
DA:109,11
DA:110,11
DA:111,11
DA:117,5
FN:117,MyswapV2ERC20.approve
FNDA:5,MyswapV2ERC20.approve
DA:118,5
DA:119,5
DA:122,5
FN:122,MyswapV2ERC20.transfer
FNDA:5,MyswapV2ERC20.transfer
DA:123,5
DA:124,5
DA:127,7
FN:127,MyswapV2ERC20.transferFrom
FNDA:7,MyswapV2ERC20.transferFrom
DA:128,7
DA:129,7
DA:130,7
DA:133,1
FN:133,MyswapV2ERC20.GET_INITIAL_CHAIN_ID
FNDA:1,MyswapV2ERC20.GET_INITIAL_CHAIN_ID
DA:134,1
DA:137,1
FN:137,MyswapV2ERC20.GET_INITIAL_DOMAIN_SEPARATOR
FNDA:1,MyswapV2ERC20.GET_INITIAL_DOMAIN_SEPARATOR
DA:138,1
FNF:13
FNH:13
LF:42
LH:42
BRF:4
BRH:4
end_of_record
TN:
SF:src/MyswapV2Factory.sol
DA:21,71
FN:21,MyswapV2Factory.constructor
FNDA:71,MyswapV2Factory.constructor
DA:22,71
DA:25,1
FN:25,MyswapV2Factory.allPairsLength
FNDA:1,MyswapV2Factory.allPairsLength
DA:26,1
DA:29,6
FN:29,MyswapV2Factory.setFeeTo
FNDA:6,MyswapV2Factory.setFeeTo
DA:30,6
BRDA:30,0,0,1
BRDA:30,0,1,5
DA:31,5
DA:34,2
FN:34,MyswapV2Factory.setFeeToSetter
FNDA:2,MyswapV2Factory.setFeeToSetter
DA:35,2
BRDA:35,1,0,1
BRDA:35,1,1,1
DA:36,1
DA:39,50
FN:39,MyswapV2Factory.createPair
FNDA:50,MyswapV2Factory.createPair
DA:40,50
BRDA:40,2,0,1
BRDA:40,2,1,49
DA:41,49
DA:42,49
BRDA:42,3,0,1
BRDA:42,3,1,48
DA:43,48
BRDA:43,4,0,1
BRDA:43,4,1,47
DA:44,47
DA:45,47
DA:47,47
DA:49,47
DA:50,47
DA:51,47
DA:52,47
DA:53,47
FNF:5
FNH:5
LF:23
LH:23
BRF:10
BRH:10
end_of_record
TN:
SF:src/MyswapV2Pair.sol
DA:38,47
FN:38,MyswapV2Pair.constructor
FNDA:47,MyswapV2Pair.constructor
DA:39,47
DA:42,24
FN:42,MyswapV2Pair.lock
FNDA:24,MyswapV2Pair.lock
DA:43,24
BRDA:43,0,0,-
BRDA:43,0,1,3
DA:44,24
DA:46,19
DA:49,48
FN:49,MyswapV2Pair.initialize
FNDA:48,MyswapV2Pair.initialize
DA:50,48
BRDA:50,1,0,1
BRDA:50,1,1,47
DA:51,47
DA:52,47
DA:55,58
FN:55,MyswapV2Pair.getReserves
FNDA:58,MyswapV2Pair.getReserves
DA:56,140
DA:57,140
DA:58,140
DA:65,49
FN:65,MyswapV2Pair.mint
FNDA:49,MyswapV2Pair.mint
DA:66,48
DA:67,48
DA:68,48
DA:69,48
DA:70,48
DA:72,48
DA:73,48
DA:74,48
BRDA:74,2,0,34
BRDA:74,2,1,14
DA:75,34
DA:76,34
DA:78,14
DA:83,48
BRDA:83,3,0,2
BRDA:83,3,1,46
DA:84,46
DA:86,46
DA:90,4
BRDA:90,4,0,4
DA:91,45
DA:94,11
FN:94,MyswapV2Pair.burn
FNDA:11,MyswapV2Pair.burn
DA:95,11
DA:96,11
DA:97,11
DA:98,11
DA:99,11
DA:100,11
DA:102,11
DA:103,11
DA:106,11
DA:107,11
DA:109,11
BRDA:109,5,0,1
BRDA:109,5,1,10
DA:110,10
DA:111,10
DA:112,10
DA:113,9
DA:114,9
DA:116,9
DA:117,2
BRDA:117,6,0,2
DA:118,9
DA:121,24
FN:121,MyswapV2Pair.swap
FNDA:24,MyswapV2Pair.swap
DA:122,24
BRDA:122,7,0,1
BRDA:122,7,1,23
DA:123,23
DA:124,23
BRDA:124,8,0,1
BRDA:124,8,1,22
DA:126,22
DA:127,22
DA:129,22
DA:130,22
DA:131,22
BRDA:131,9,0,1
BRDA:131,9,1,21
DA:132,21
BRDA:132,10,0,11
DA:133,21
BRDA:133,11,0,11
DA:134,21
BRDA:134,12,0,1
DA:135,21
DA:136,21
DA:144,21
DA:145,21
DA:146,21
BRDA:146,13,0,1
BRDA:146,13,1,20
DA:148,20
DA:149,20
DA:150,20
BRDA:150,14,0,1
BRDA:150,14,1,19
DA:153,19
DA:154,19
DA:157,1
FN:157,MyswapV2Pair.skim
FNDA:1,MyswapV2Pair.skim
DA:158,1
DA:159,1
DA:160,1
DA:161,1
DA:164,3
FN:164,MyswapV2Pair.sync
FNDA:3,MyswapV2Pair.sync
DA:165,3
DA:168,44
FN:168,MyswapV2Pair._safeTransfer
FNDA:44,MyswapV2Pair._safeTransfer
DA:169,44
DA:170,44
BRDA:170,15,0,1
BRDA:170,15,1,43
DA:173,2
FN:173,MyswapV2Pair.encode
FNDA:2,MyswapV2Pair.encode
DA:174,2
DA:177,2
FN:177,MyswapV2Pair.updiv
FNDA:2,MyswapV2Pair.updiv
DA:178,2
DA:181,77
FN:181,MyswapV2Pair._update
FNDA:77,MyswapV2Pair._update
DA:182,77
BRDA:182,16,0,1
BRDA:182,16,1,76
DA:184,76
DA:188,76
DA:190,76
BRDA:190,17,0,1
DA:193,1
DA:194,1
DA:198,76
DA:199,76
DA:200,76
DA:201,76
DA:205,59
FN:205,MyswapV2Pair._mintFee
FNDA:59,MyswapV2Pair._mintFee
DA:206,59
DA:207,59
DA:208,59
DA:209,6
BRDA:209,18,0,6
BRDA:209,18,1,53
DA:211,6
BRDA:211,19,0,3
DA:212,3
DA:213,3
DA:214,3
BRDA:214,20,0,1
DA:215,1
DA:216,1
DA:217,1
DA:218,1
BRDA:218,21,0,1
DA:221,53
BRDA:221,22,0,1
DA:222,1
FNF:14
FNH:14
LF:113
LH:113
BRF:36
BRH:35
end_of_record
TN:
SF:src/MyswapV2Router.sol
DA:21,2
FN:21,MyswapV2Router.ensure
FNDA:2,MyswapV2Router.ensure
DA:22,2
BRDA:22,0,0,-
BRDA:22,0,1,1
DA:26,39
FN:26,MyswapV2Router.constructor
FNDA:39,MyswapV2Router.constructor
DA:27,39
DA:28,39
DA:31,7
FN:31,MyswapV2Router.receive
FNDA:7,MyswapV2Router.receive
DA:32,7
DA:40,30
FN:40,MyswapV2Router._addLiquidity
FNDA:30,MyswapV2Router._addLiquidity
DA:48,30
BRDA:48,1,0,12
DA:49,12
DA:52,30
DA:53,30
BRDA:53,2,0,19
BRDA:53,2,1,-
DA:54,19
DA:56,11
DA:57,11
BRDA:57,3,0,11
BRDA:57,3,1,-
DA:58,11
BRDA:58,4,0,-
BRDA:58,4,1,11
DA:59,11
DA:61,0
DA:62,0
DA:63,0
BRDA:63,5,0,-
BRDA:63,5,1,-
DA:64,0
DA:69,15
FN:69,MyswapV2Router.addLiquidity
FNDA:15,MyswapV2Router.addLiquidity
DA:79,8
DA:80,8
DA:81,8
DA:82,8
DA:83,8
DA:86,22
FN:86,MyswapV2Router.addLiquidityETH
FNDA:22,MyswapV2Router.addLiquidityETH
DA:94,22
DA:97,22
DA:98,22
DA:99,22
DA:100,22
DA:101,22
DA:102,22
BRDA:102,6,0,11
DA:108,1
FN:108,MyswapV2Router.removeLiquidity
FNDA:1,MyswapV2Router.removeLiquidity
DA:117,6
DA:118,6
DA:119,6
DA:120,6
DA:121,6
DA:122,6
BRDA:122,7,0,-
BRDA:122,7,1,6
DA:123,6
BRDA:123,8,0,-
BRDA:123,8,1,6
DA:126,1
FN:126,MyswapV2Router.removeLiquidityETH
FNDA:1,MyswapV2Router.removeLiquidityETH
DA:134,2
DA:136,2
DA:137,2
DA:138,2
DA:141,1
FN:141,MyswapV2Router.removeLiquidityWithPermit
FNDA:1,MyswapV2Router.removeLiquidityWithPermit
DA:154,1
DA:155,1
DA:156,1
DA:157,1
DA:160,1
FN:160,MyswapV2Router.removeLiquidityETHWithPermit
FNDA:1,MyswapV2Router.removeLiquidityETHWithPermit
DA:172,1
DA:173,1
DA:174,1
DA:175,1
DA:178,1
FN:178,MyswapV2Router.removeLiquidityETHSupportingFeeOnTransferTokens
FNDA:1,MyswapV2Router.removeLiquidityETHSupportingFeeOnTransferTokens
DA:186,2
DA:187,2
DA:188,2
DA:189,2
DA:192,1
FN:192,MyswapV2Router.removeLiquidityETHWithPermitSupportingFeeOnTransferTokens
FNDA:1,MyswapV2Router.removeLiquidityETHWithPermitSupportingFeeOnTransferTokens
DA:204,1
DA:205,1
DA:206,1
DA:207,1
DA:212,6
FN:212,MyswapV2Router._swap
FNDA:6,MyswapV2Router._swap
DA:213,6
DA:214,6
DA:215,6
DA:216,6
DA:217,6
DA:218,6
DA:219,6
DA:220,6
DA:224,1
FN:224,MyswapV2Router.swapExactTokensForTokens
FNDA:1,MyswapV2Router.swapExactTokensForTokens
DA:231,1
DA:232,1
BRDA:232,9,0,-
BRDA:232,9,1,1
DA:233,1
DA:236,1
DA:239,1
FN:239,MyswapV2Router.swapTokensForExactTokens
FNDA:1,MyswapV2Router.swapTokensForExactTokens
DA:246,1
DA:247,1
BRDA:247,10,0,-
BRDA:247,10,1,1
DA:248,1
DA:251,1
DA:254,1
FN:254,MyswapV2Router.swapExactETHForTokens
FNDA:1,MyswapV2Router.swapExactETHForTokens
DA:261,1
BRDA:261,11,0,-
BRDA:261,11,1,1
DA:262,1
DA:263,1
BRDA:263,12,0,-
BRDA:263,12,1,1
DA:264,1
DA:265,1
DA:266,1
DA:269,1
FN:269,MyswapV2Router.swapTokensForExactETH
FNDA:1,MyswapV2Router.swapTokensForExactETH
DA:276,1
BRDA:276,13,0,-
BRDA:276,13,1,1
DA:277,1
DA:278,1
BRDA:278,14,0,-
BRDA:278,14,1,1
DA:279,1
DA:282,1
DA:283,1
DA:284,1
DA:287,1
FN:287,MyswapV2Router.swapExactTokensForETH
FNDA:1,MyswapV2Router.swapExactTokensForETH
DA:294,1
BRDA:294,15,0,-
BRDA:294,15,1,1
DA:295,1
DA:296,1
BRDA:296,16,0,-
BRDA:296,16,1,1
DA:297,1
DA:300,1
DA:301,1
DA:302,1
DA:305,1
FN:305,MyswapV2Router.swapETHForExactTokens
FNDA:1,MyswapV2Router.swapETHForExactTokens
DA:312,1
BRDA:312,17,0,-
BRDA:312,17,1,1
DA:313,1
DA:314,1
BRDA:314,18,0,-
BRDA:314,18,1,1
DA:315,1
DA:316,1
DA:317,1
DA:319,1
BRDA:319,19,0,1
DA:323,3
FN:323,MyswapV2Router._swapSupportingFeeOnTransferTokens
FNDA:3,MyswapV2Router._swapSupportingFeeOnTransferTokens
DA:324,3
DA:325,3
DA:326,3
DA:327,3
DA:328,3
DA:329,3
DA:331,3
DA:332,3
DA:333,3
DA:334,3
DA:335,3
DA:338,3
DA:339,3
DA:340,3
DA:341,3
DA:345,1
FN:345,MyswapV2Router.swapExactTokensForTokensSupportingFeeOnTransferTokens
FNDA:1,MyswapV2Router.swapExactTokensForTokensSupportingFeeOnTransferTokens
DA:352,1
DA:355,1
DA:356,1
DA:357,1
BRDA:357,20,0,-
BRDA:357,20,1,1
DA:363,1
FN:363,MyswapV2Router.swapExactETHForTokensSupportingFeeOnTransferTokens
FNDA:1,MyswapV2Router.swapExactETHForTokensSupportingFeeOnTransferTokens
DA:369,1
BRDA:369,21,0,-
BRDA:369,21,1,1
DA:370,1
DA:371,1
DA:372,1
DA:373,1
DA:374,1
DA:375,1
BRDA:375,22,0,-
BRDA:375,22,1,1
DA:381,1
FN:381,MyswapV2Router.swapExactTokensForETHSupportingFeeOnTransferTokens
FNDA:1,MyswapV2Router.swapExactTokensForETHSupportingFeeOnTransferTokens
DA:388,1
BRDA:388,23,0,-
BRDA:388,23,1,1
DA:389,1
DA:392,1
DA:393,1
DA:394,1
BRDA:394,24,0,-
BRDA:394,24,1,1
DA:395,1
DA:396,1
DA:403,1
FN:403,MyswapV2Router.quote
FNDA:1,MyswapV2Router.quote
DA:404,1
DA:407,1
FN:407,MyswapV2Router.getAmountOut
FNDA:1,MyswapV2Router.getAmountOut
DA:413,1
DA:416,1
FN:416,MyswapV2Router.getAmountIn
FNDA:1,MyswapV2Router.getAmountIn
DA:422,1
DA:425,1
FN:425,MyswapV2Router.getAmountsOut
FNDA:1,MyswapV2Router.getAmountsOut
DA:431,1
DA:434,1
FN:434,MyswapV2Router.getAmountsIn
FNDA:1,MyswapV2Router.getAmountsIn
DA:440,1
FNF:28
FNH:28
LF:165
LH:161
BRF:47
BRH:24
end_of_record
TN:
SF:src/libraries/MyswapV2Library.sol
DA:13,170
FN:13,MyswapV2Library.sortTokens
FNDA:170,MyswapV2Library.sortTokens
DA:14,170
BRDA:14,0,0,-
BRDA:14,0,1,170
DA:15,170
DA:16,170
BRDA:16,1,0,-
BRDA:16,1,1,170
DA:19,109
FN:19,MyswapV2Library.pairFor
FNDA:109,MyswapV2Library.pairFor
DA:20,109
DA:21,109
DA:39,45
FN:39,MyswapV2Library.getReserves
FNDA:45,MyswapV2Library.getReserves
DA:44,45
DA:45,45
DA:46,45
DA:49,12
FN:49,MyswapV2Library.quote
FNDA:12,MyswapV2Library.quote
DA:50,12
BRDA:50,2,0,-
BRDA:50,2,1,12
DA:51,12
BRDA:51,3,0,-
BRDA:51,3,1,12
DA:52,12
DA:55,8
FN:55,MyswapV2Library.getAmountOut
FNDA:8,MyswapV2Library.getAmountOut
DA:60,8
BRDA:60,4,0,-
BRDA:60,4,1,8
DA:61,8
BRDA:61,5,0,-
BRDA:61,5,1,8
DA:62,8
DA:63,8
DA:64,8
DA:65,8
DA:68,5
FN:68,MyswapV2Library.getAmountIn
FNDA:5,MyswapV2Library.getAmountIn
DA:73,5
BRDA:73,6,0,-
BRDA:73,6,1,5
DA:74,5
BRDA:74,7,0,-
BRDA:74,7,1,5
DA:75,5
DA:76,5
DA:77,5
DA:80,4
FN:80,MyswapV2Library.getAmountsOut
FNDA:4,MyswapV2Library.getAmountsOut
DA:85,4
BRDA:85,8,0,-
BRDA:85,8,1,4
DA:86,4
DA:87,4
DA:88,4
DA:89,4
DA:90,4
DA:94,4
FN:94,MyswapV2Library.getAmountsIn
FNDA:4,MyswapV2Library.getAmountsIn
DA:99,4
BRDA:99,9,0,-
BRDA:99,9,1,4
DA:100,4
DA:101,4
DA:102,4
DA:103,4
DA:104,4
FNF:8
FNH:8
LF:42
LH:42
BRF:20
BRH:10
end_of_record
TN:
SF:test/mocks/ERC20Mock.sol
DA:15,260
FN:15,ERC20Mock.mint
FNDA:260,ERC20Mock.mint
DA:16,260
DA:19,1
FN:19,ERC20Mock.burn
FNDA:1,ERC20Mock.burn
DA:20,1
FNF:2
FNH:2
LF:4
LH:4
BRF:0
BRH:0
end_of_record
TN:
SF:test/mocks/WETH9.sol
DA:23,1
FN:23,WETH9.receive
FNDA:1,WETH9.receive
DA:24,1
DA:27,110
FN:27,WETH9.deposit
FNDA:110,WETH9.deposit
DA:28,111
DA:29,111
DA:32,9
FN:32,WETH9.withdraw
FNDA:9,WETH9.withdraw
DA:33,9
BRDA:33,0,0,1
BRDA:33,0,1,8
DA:34,8
DA:35,8
DA:36,8
DA:39,3
FN:39,WETH9.approve
FNDA:3,WETH9.approve
DA:40,3
DA:41,3
DA:42,3
DA:45,33
FN:45,WETH9.transfer
FNDA:33,WETH9.transfer
DA:46,33
DA:49,4
FN:49,WETH9.transferFrom
FNDA:4,WETH9.transferFrom
DA:50,37
BRDA:50,1,0,1
BRDA:50,1,1,36
DA:52,36
BRDA:52,2,0,2
DA:53,2
BRDA:53,3,0,1
BRDA:53,3,1,1
DA:54,1
DA:57,35
DA:58,35
DA:60,35
DA:61,35
FNF:6
FNH:6
LF:25
LH:25
BRF:7
BRH:7
end_of_record
TN:
SF:test/unit/MyswapV2ERC20Test.t.sol
DA:201,4
FN:201,TestToken.mint
FNDA:4,TestToken.mint
DA:202,4
DA:205,1
FN:205,TestToken.burn
FNDA:1,TestToken.burn
DA:206,1
FNF:2
FNH:2
LF:4
LH:4
BRF:0
BRH:0
end_of_record
TN:
SF:test/unit/MyswapV2PairTest.t.sol
DA:461,1
FN:461,BugToken.auto_transfer
FNDA:1,BugToken.auto_transfer
DA:462,1
DA:463,1
DA:464,1
DA:465,1
DA:468,1
FN:468,BugToken.mint
FNDA:1,BugToken.mint
DA:469,1
DA:470,1
DA:471,1
DA:474,1
FN:474,BugToken.fallbacks
FNDA:1,BugToken.fallbacks
DA:475,1
DA:478,1
FN:478,BugToken.fallback
FNDA:1,BugToken.fallback
DA:479,1
FNF:4
FNH:4
LF:13
LH:13
BRF:0
BRH:0
end_of_record
